{"uid":"4e38a7b848a6e0ad","name":"test_suma_fail","fullName":"test_demo#test_suma_fail","historyId":"55e8cdda6aa9eacc9b0633ce638cd56f","time":{"start":1756394199450,"stop":1756394199450,"duration":0},"status":"failed","statusMessage":"AssertionError: Error en suma: esperado 5, pero obtuve 4\nassert 4 == 5","statusTrace":"def test_suma_fail():\n        esperado = 5\n        resultado = 2 + 2\n>       assert resultado == esperado, f\"Error en suma: esperado {esperado}, pero obtuve {resultado}\"\nE       AssertionError: Error en suma: esperado 5, pero obtuve 4\nE       assert 4 == 5\n\ntest_demo.py:13: AssertionError","flaky":false,"newFailed":false,"newBroken":false,"newPassed":false,"retriesCount":0,"retriesStatusChange":false,"beforeStages":[],"afterStages":[],"labels":[{"name":"suite","value":"test_demo"},{"name":"host","value":"pkrvmccyg1gnepe"},{"name":"thread","value":"3046-MainThread"},{"name":"framework","value":"pytest"},{"name":"language","value":"cpython3"},{"name":"package","value":"test_demo"},{"name":"resultFormat","value":"allure2"}],"parameters":[],"links":[],"hidden":false,"retry":false,"extra":{"severity":"normal","retries":[],"categories":[{"name":"Product defects","matchedStatuses":[]}],"tags":[]},"source":"4e38a7b848a6e0ad.json","parameterValues":[]}